2020/10/25 08:04:48 [error] [exception.CHttpException.404] exception 'CHttpException' with message 'The system is unable to find the requested action "login".' in D:\xampp\htdocs\yii\framework\web\CController.php:486
Stack trace:
#0 D:\xampp\htdocs\yii\framework\web\CController.php(270): CController->missingAction('login')
#1 D:\xampp\htdocs\yii\framework\web\CWebApplication.php(282): CController->run('login')
#2 D:\xampp\htdocs\yii\framework\web\CWebApplication.php(141): CWebApplication->runController('user/login')
#3 D:\xampp\htdocs\yii\framework\base\CApplication.php(185): CWebApplication->processRequest()
#4 D:\xampp\htdocs\SIK\index.php(13): CApplication->run()
#5 {main}
REQUEST_URI=/SIK/index.php?r=user/login
---
2020/10/25 08:15:08 [error] [exception.CHttpException.403] exception 'CHttpException' with message 'You are not authorized to perform this action.' in D:\xampp\htdocs\yii\framework\web\auth\CAccessControlFilter.php:183
Stack trace:
#0 D:\xampp\htdocs\yii\framework\web\auth\CAccessControlFilter.php(145): CAccessControlFilter->accessDenied(Object(CWebUser), 'You are not aut...')
#1 D:\xampp\htdocs\yii\framework\web\filters\CFilter.php(38): CAccessControlFilter->preFilter(Object(CFilterChain))
#2 D:\xampp\htdocs\yii\framework\web\CController.php(1148): CFilter->filter(Object(CFilterChain))
#3 D:\xampp\htdocs\yii\framework\web\filters\CInlineFilter.php(58): CController->filterAccessControl(Object(CFilterChain))
#4 D:\xampp\htdocs\yii\framework\web\filters\CFilterChain.php(131): CInlineFilter->filter(Object(CFilterChain))
#5 D:\xampp\htdocs\yii\framework\web\CController.php(291): CFilterChain->run()
#6 D:\xampp\htdocs\yii\framework\web\CController.php(265): CController->runActionWithFilters(Object(CInlineAction), Array)
#7 D:\xampp\htdocs\yii\framework\web\CWebApplication.php(282): CController->run('admin')
#8 D:\xampp\htdocs\yii\framework\web\CWebApplication.php(141): CWebApplication->runController('user/admin')
#9 D:\xampp\htdocs\yii\framework\base\CApplication.php(185): CWebApplication->processRequest()
#10 D:\xampp\htdocs\SIK\index.php(13): CApplication->run()
#11 {main}
REQUEST_URI=/SIK/index.php?r=user/admin
HTTP_REFERER=http://localhost/SIK/index.php?r=user/create
---
2020/10/25 11:03:35 [error] [exception.CHttpException.404] exception 'CHttpException' with message 'The system is unable to find the requested action "use".' in D:\xampp\htdocs\yii\framework\web\CController.php:486
Stack trace:
#0 D:\xampp\htdocs\yii\framework\web\CController.php(270): CController->missingAction('use')
#1 D:\xampp\htdocs\yii\framework\web\CWebApplication.php(282): CController->run('use')
#2 D:\xampp\htdocs\yii\framework\web\CWebApplication.php(141): CWebApplication->runController('site/use')
#3 D:\xampp\htdocs\yii\framework\base\CApplication.php(185): CWebApplication->processRequest()
#4 D:\xampp\htdocs\SIK\index.php(13): CApplication->run()
#5 {main}
REQUEST_URI=/SIK/index.php?r=site/use
---
2020/10/25 11:03:38 [error] [exception.CHttpException.404] exception 'CHttpException' with message 'The system is unable to find the requested action "user".' in D:\xampp\htdocs\yii\framework\web\CController.php:486
Stack trace:
#0 D:\xampp\htdocs\yii\framework\web\CController.php(270): CController->missingAction('user')
#1 D:\xampp\htdocs\yii\framework\web\CWebApplication.php(282): CController->run('user')
#2 D:\xampp\htdocs\yii\framework\web\CWebApplication.php(141): CWebApplication->runController('site/user')
#3 D:\xampp\htdocs\yii\framework\base\CApplication.php(185): CWebApplication->processRequest()
#4 D:\xampp\htdocs\SIK\index.php(13): CApplication->run()
#5 {main}
REQUEST_URI=/SIK/index.php?r=site/user
---
2020/10/25 11:06:18 [error] [exception.CHttpException.404] exception 'CHttpException' with message 'The system is unable to find the requested action "user".' in D:\xampp\htdocs\yii\framework\web\CController.php:486
Stack trace:
#0 D:\xampp\htdocs\yii\framework\web\CController.php(270): CController->missingAction('user')
#1 D:\xampp\htdocs\yii\framework\web\CWebApplication.php(282): CController->run('user')
#2 D:\xampp\htdocs\yii\framework\web\CWebApplication.php(141): CWebApplication->runController('site/user')
#3 D:\xampp\htdocs\yii\framework\base\CApplication.php(185): CWebApplication->processRequest()
#4 D:\xampp\htdocs\SIK\index.php(13): CApplication->run()
#5 {main}
REQUEST_URI=/SIK/index.php?r=site/user&view=about
HTTP_REFERER=http://localhost/SIK/index.php?r=site/index
---
2020/10/25 11:07:29 [error] [exception.CHttpException.404] exception 'CHttpException' with message 'The system is unable to find the requested action "user".' in D:\xampp\htdocs\yii\framework\web\CController.php:486
Stack trace:
#0 D:\xampp\htdocs\yii\framework\web\CController.php(270): CController->missingAction('user')
#1 D:\xampp\htdocs\yii\framework\web\CWebApplication.php(282): CController->run('user')
#2 D:\xampp\htdocs\yii\framework\web\CWebApplication.php(141): CWebApplication->runController('user/user')
#3 D:\xampp\htdocs\yii\framework\base\CApplication.php(185): CWebApplication->processRequest()
#4 D:\xampp\htdocs\SIK\index.php(13): CApplication->run()
#5 {main}
REQUEST_URI=/SIK/index.php?r=user/user&view=about
HTTP_REFERER=http://localhost/SIK/index.php?r=user
---
2020/10/25 11:07:46 [error] [exception.CHttpException.404] exception 'CHttpException' with message 'The system is unable to find the requested action "User".' in D:\xampp\htdocs\yii\framework\web\CController.php:486
Stack trace:
#0 D:\xampp\htdocs\yii\framework\web\CController.php(270): CController->missingAction('User')
#1 D:\xampp\htdocs\yii\framework\web\CWebApplication.php(282): CController->run('User')
#2 D:\xampp\htdocs\yii\framework\web\CWebApplication.php(141): CWebApplication->runController('user/User')
#3 D:\xampp\htdocs\yii\framework\base\CApplication.php(185): CWebApplication->processRequest()
#4 D:\xampp\htdocs\SIK\index.php(13): CApplication->run()
#5 {main}
REQUEST_URI=/SIK/index.php?r=user/User
HTTP_REFERER=http://localhost/SIK/index.php?r=user
---
2020/10/25 11:08:15 [error] [exception.CHttpException.404] exception 'CHttpException' with message 'The system is unable to find the requested action "user".' in D:\xampp\htdocs\yii\framework\web\CController.php:486
Stack trace:
#0 D:\xampp\htdocs\yii\framework\web\CController.php(270): CController->missingAction('user')
#1 D:\xampp\htdocs\yii\framework\web\CWebApplication.php(282): CController->run('user')
#2 D:\xampp\htdocs\yii\framework\web\CWebApplication.php(141): CWebApplication->runController('site/user')
#3 D:\xampp\htdocs\yii\framework\base\CApplication.php(185): CWebApplication->processRequest()
#4 D:\xampp\htdocs\SIK\index.php(13): CApplication->run()
#5 {main}
REQUEST_URI=/SIK/index.php?r=site/user
HTTP_REFERER=http://localhost/SIK/index.php?r=site/index
---
2020/10/25 11:09:26 [error] [exception.CHttpException.404] exception 'CHttpException' with message 'The system is unable to find the requested action "user".' in D:\xampp\htdocs\yii\framework\web\CController.php:486
Stack trace:
#0 D:\xampp\htdocs\yii\framework\web\CController.php(270): CController->missingAction('user')
#1 D:\xampp\htdocs\yii\framework\web\CWebApplication.php(282): CController->run('user')
#2 D:\xampp\htdocs\yii\framework\web\CWebApplication.php(141): CWebApplication->runController('site/user')
#3 D:\xampp\htdocs\yii\framework\base\CApplication.php(185): CWebApplication->processRequest()
#4 D:\xampp\htdocs\SIK\index.php(13): CApplication->run()
#5 {main}
REQUEST_URI=/SIK/index.php?r=site/user
HTTP_REFERER=http://localhost/SIK/index.php?r=site/index
---
2020/10/25 11:10:42 [error] [exception.CHttpException.404] exception 'CHttpException' with message 'The system is unable to find the requested action "user".' in D:\xampp\htdocs\yii\framework\web\CController.php:486
Stack trace:
#0 D:\xampp\htdocs\yii\framework\web\CController.php(270): CController->missingAction('user')
#1 D:\xampp\htdocs\yii\framework\web\CWebApplication.php(282): CController->run('user')
#2 D:\xampp\htdocs\yii\framework\web\CWebApplication.php(141): CWebApplication->runController('site/user')
#3 D:\xampp\htdocs\yii\framework\base\CApplication.php(185): CWebApplication->processRequest()
#4 D:\xampp\htdocs\SIK\index.php(13): CApplication->run()
#5 {main}
REQUEST_URI=/SIK/index.php?r=site/user
HTTP_REFERER=http://localhost/SIK/index.php?r=site/index
---
2020/10/25 11:11:22 [error] [exception.CHttpException.404] exception 'CHttpException' with message 'The system is unable to find the requested action "user".' in D:\xampp\htdocs\yii\framework\web\CController.php:486
Stack trace:
#0 D:\xampp\htdocs\yii\framework\web\CController.php(270): CController->missingAction('user')
#1 D:\xampp\htdocs\yii\framework\web\CWebApplication.php(282): CController->run('user')
#2 D:\xampp\htdocs\yii\framework\web\CWebApplication.php(141): CWebApplication->runController('site/user')
#3 D:\xampp\htdocs\yii\framework\base\CApplication.php(185): CWebApplication->processRequest()
#4 D:\xampp\htdocs\SIK\index.php(13): CApplication->run()
#5 {main}
REQUEST_URI=/SIK/index.php?r=site/user
HTTP_REFERER=http://localhost/SIK/index.php?r=site/index
---
2020/10/25 11:12:18 [error] [exception.CHttpException.404] exception 'CHttpException' with message 'Unable to resolve the request "uer".' in D:\xampp\htdocs\yii\framework\web\CWebApplication.php:286
Stack trace:
#0 D:\xampp\htdocs\yii\framework\web\CWebApplication.php(141): CWebApplication->runController('uer')
#1 D:\xampp\htdocs\yii\framework\base\CApplication.php(185): CWebApplication->processRequest()
#2 D:\xampp\htdocs\SIK\index.php(13): CApplication->run()
#3 {main}
REQUEST_URI=/SIK/index.php?r=uer
---
2020/10/25 11:12:23 [error] [exception.CException] exception 'CException' with message 'UserController cannot find the requested view "index".' in D:\xampp\htdocs\yii\framework\web\CController.php:881
Stack trace:
#0 D:\xampp\htdocs\yii\framework\web\CController.php(785): CController->renderPartial('index', Array, true)
#1 D:\xampp\htdocs\SIK\protected\controllers\UserController.php(128): CController->render('index', Array)
#2 D:\xampp\htdocs\yii\framework\web\actions\CInlineAction.php(49): UserController->actionIndex()
#3 D:\xampp\htdocs\yii\framework\web\CController.php(308): CInlineAction->runWithParams(Array)
#4 D:\xampp\htdocs\yii\framework\web\filters\CFilterChain.php(134): CController->runAction(Object(CInlineAction))
#5 D:\xampp\htdocs\yii\framework\web\filters\CFilter.php(40): CFilterChain->run()
#6 D:\xampp\htdocs\yii\framework\web\CController.php(1148): CFilter->filter(Object(CFilterChain))
#7 D:\xampp\htdocs\yii\framework\web\filters\CInlineFilter.php(58): CController->filterAccessControl(Object(CFilterChain))
#8 D:\xampp\htdocs\yii\framework\web\filters\CFilterChain.php(131): CInlineFilter->filter(Object(CFilterChain))
#9 D:\xampp\htdocs\yii\framework\web\CController.php(291): CFilterChain->run()
#10 D:\xampp\htdocs\yii\framework\web\CController.php(265): CController->runActionWithFilters(Object(CInlineAction), Array)
#11 D:\xampp\htdocs\yii\framework\web\CWebApplication.php(282): CController->run('')
#12 D:\xampp\htdocs\yii\framework\web\CWebApplication.php(141): CWebApplication->runController('user')
#13 D:\xampp\htdocs\yii\framework\base\CApplication.php(185): CWebApplication->processRequest()
#14 D:\xampp\htdocs\SIK\index.php(13): CApplication->run()
#15 {main}
REQUEST_URI=/SIK/index.php?r=user
---
2020/10/25 11:12:30 [error] [exception.CHttpException.404] exception 'CHttpException' with message 'The system is unable to find the requested action "user".' in D:\xampp\htdocs\yii\framework\web\CController.php:486
Stack trace:
#0 D:\xampp\htdocs\yii\framework\web\CController.php(270): CController->missingAction('user')
#1 D:\xampp\htdocs\yii\framework\web\CWebApplication.php(282): CController->run('user')
#2 D:\xampp\htdocs\yii\framework\web\CWebApplication.php(141): CWebApplication->runController('site/user')
#3 D:\xampp\htdocs\yii\framework\base\CApplication.php(185): CWebApplication->processRequest()
#4 D:\xampp\htdocs\SIK\index.php(13): CApplication->run()
#5 {main}
REQUEST_URI=/SIK/index.php?r=site/user&view=index
HTTP_REFERER=http://localhost/SIK/index.php?r=site/index
---
2020/10/25 11:13:41 [error] [exception.CHttpException.404] exception 'CHttpException' with message 'The system is unable to find the requested action "user".' in D:\xampp\htdocs\yii\framework\web\CController.php:486
Stack trace:
#0 D:\xampp\htdocs\yii\framework\web\CController.php(270): CController->missingAction('user')
#1 D:\xampp\htdocs\yii\framework\web\CWebApplication.php(282): CController->run('user')
#2 D:\xampp\htdocs\yii\framework\web\CWebApplication.php(141): CWebApplication->runController('site/user')
#3 D:\xampp\htdocs\yii\framework\base\CApplication.php(185): CWebApplication->processRequest()
#4 D:\xampp\htdocs\SIK\index.php(13): CApplication->run()
#5 {main}
REQUEST_URI=/SIK/index.php?r=site/user
---
2020/10/25 11:19:49 [error] [exception.CHttpException.403] exception 'CHttpException' with message 'You are not authorized to perform this action.' in D:\xampp\htdocs\yii\framework\web\auth\CAccessControlFilter.php:183
Stack trace:
#0 D:\xampp\htdocs\yii\framework\web\auth\CAccessControlFilter.php(145): CAccessControlFilter->accessDenied(Object(CWebUser), 'You are not aut...')
#1 D:\xampp\htdocs\yii\framework\web\filters\CFilter.php(38): CAccessControlFilter->preFilter(Object(CFilterChain))
#2 D:\xampp\htdocs\yii\framework\web\CController.php(1148): CFilter->filter(Object(CFilterChain))
#3 D:\xampp\htdocs\yii\framework\web\filters\CInlineFilter.php(58): CController->filterAccessControl(Object(CFilterChain))
#4 D:\xampp\htdocs\yii\framework\web\filters\CFilterChain.php(131): CInlineFilter->filter(Object(CFilterChain))
#5 D:\xampp\htdocs\yii\framework\web\CController.php(291): CFilterChain->run()
#6 D:\xampp\htdocs\yii\framework\web\CController.php(265): CController->runActionWithFilters(Object(CInlineAction), Array)
#7 D:\xampp\htdocs\yii\framework\web\CWebApplication.php(282): CController->run('admin')
#8 D:\xampp\htdocs\yii\framework\web\CWebApplication.php(141): CWebApplication->runController('user/admin')
#9 D:\xampp\htdocs\yii\framework\base\CApplication.php(185): CWebApplication->processRequest()
#10 D:\xampp\htdocs\SIK\index.php(13): CApplication->run()
#11 {main}
REQUEST_URI=/sik/index.php?r=user/admin
HTTP_REFERER=http://localhost/sik/index.php?r=site/login
---
2020/10/25 11:20:01 [error] [exception.CHttpException.403] exception 'CHttpException' with message 'You are not authorized to perform this action.' in D:\xampp\htdocs\yii\framework\web\auth\CAccessControlFilter.php:183
Stack trace:
#0 D:\xampp\htdocs\yii\framework\web\auth\CAccessControlFilter.php(145): CAccessControlFilter->accessDenied(Object(CWebUser), 'You are not aut...')
#1 D:\xampp\htdocs\yii\framework\web\filters\CFilter.php(38): CAccessControlFilter->preFilter(Object(CFilterChain))
#2 D:\xampp\htdocs\yii\framework\web\CController.php(1148): CFilter->filter(Object(CFilterChain))
#3 D:\xampp\htdocs\yii\framework\web\filters\CInlineFilter.php(58): CController->filterAccessControl(Object(CFilterChain))
#4 D:\xampp\htdocs\yii\framework\web\filters\CFilterChain.php(131): CInlineFilter->filter(Object(CFilterChain))
#5 D:\xampp\htdocs\yii\framework\web\CController.php(291): CFilterChain->run()
#6 D:\xampp\htdocs\yii\framework\web\CController.php(265): CController->runActionWithFilters(Object(CInlineAction), Array)
#7 D:\xampp\htdocs\yii\framework\web\CWebApplication.php(282): CController->run('admin')
#8 D:\xampp\htdocs\yii\framework\web\CWebApplication.php(141): CWebApplication->runController('user/admin')
#9 D:\xampp\htdocs\yii\framework\base\CApplication.php(185): CWebApplication->processRequest()
#10 D:\xampp\htdocs\SIK\index.php(13): CApplication->run()
#11 {main}
REQUEST_URI=/sik/index.php?r=user/admin
HTTP_REFERER=http://localhost/sik/index.php?r=site/contact
---
2020/10/25 11:21:08 [error] [exception.CException] exception 'CException' with message 'Property "CWebUser.admin" is not defined.' in D:\xampp\htdocs\yii\framework\base\CComponent.php:130
Stack trace:
#0 D:\xampp\htdocs\yii\framework\web\auth\CWebUser.php(146): CComponent->__get('admin')
#1 D:\xampp\htdocs\SIK\protected\views\layouts\main.php(33): CWebUser->__get('admin')
#2 D:\xampp\htdocs\yii\framework\web\CBaseController.php(126): require('D:\\xampp\\htdocs...')
#3 D:\xampp\htdocs\yii\framework\web\CBaseController.php(95): CBaseController->renderInternal('D:\\xampp\\htdocs...', Array, true)
#4 D:\xampp\htdocs\yii\framework\web\widgets\CContentDecorator.php(76): CBaseController->renderFile('D:\\xampp\\htdocs...', Array, true)
#5 D:\xampp\htdocs\yii\framework\web\widgets\CContentDecorator.php(54): CContentDecorator->decorate('<div id="conten...')
#6 D:\xampp\htdocs\yii\framework\web\widgets\COutputProcessor.php(44): CContentDecorator->processOutput('<div id="conten...')
#7 D:\xampp\htdocs\yii\framework\web\CBaseController.php(215): COutputProcessor->run()
#8 D:\xampp\htdocs\yii\framework\web\CBaseController.php(309): CBaseController->endWidget('CContentDecorat...')
#9 D:\xampp\htdocs\SIK\protected\views\layouts\column1.php(6): CBaseController->endContent()
#10 D:\xampp\htdocs\yii\framework\web\CBaseController.php(126): require('D:\\xampp\\htdocs...')
#11 D:\xampp\htdocs\yii\framework\web\CBaseController.php(95): CBaseController->renderInternal('D:\\xampp\\htdocs...', Array, true)
#12 D:\xampp\htdocs\yii\framework\web\CController.php(787): CBaseController->renderFile('D:\\xampp\\htdocs...', Array, true)
#13 D:\xampp\htdocs\yii\framework\web\actions\CViewAction.php(140): CController->render('pages/about')
#14 D:\xampp\htdocs\yii\framework\web\actions\CAction.php(76): CViewAction->run()
#15 D:\xampp\htdocs\yii\framework\web\CController.php(308): CAction->runWithParams(Array)
#16 D:\xampp\htdocs\yii\framework\web\CController.php(286): CController->runAction(Object(CViewAction))
#17 D:\xampp\htdocs\yii\framework\web\CController.php(265): CController->runActionWithFilters(Object(CViewAction), Array)
#18 D:\xampp\htdocs\yii\framework\web\CWebApplication.php(282): CController->run('page')
#19 D:\xampp\htdocs\yii\framework\web\CWebApplication.php(141): CWebApplication->runController('site/page')
#20 D:\xampp\htdocs\yii\framework\base\CApplication.php(185): CWebApplication->processRequest()
#21 D:\xampp\htdocs\SIK\index.php(13): CApplication->run()
#22 {main}
REQUEST_URI=/sik/index.php?r=site/page&view=about
HTTP_REFERER=http://localhost/sik/index.php
---
2020/10/25 11:21:49 [error] [exception.CHttpException.403] exception 'CHttpException' with message 'You are not authorized to perform this action.' in D:\xampp\htdocs\yii\framework\web\auth\CAccessControlFilter.php:183
Stack trace:
#0 D:\xampp\htdocs\yii\framework\web\auth\CAccessControlFilter.php(145): CAccessControlFilter->accessDenied(Object(CWebUser), 'You are not aut...')
#1 D:\xampp\htdocs\yii\framework\web\filters\CFilter.php(38): CAccessControlFilter->preFilter(Object(CFilterChain))
#2 D:\xampp\htdocs\yii\framework\web\CController.php(1148): CFilter->filter(Object(CFilterChain))
#3 D:\xampp\htdocs\yii\framework\web\filters\CInlineFilter.php(58): CController->filterAccessControl(Object(CFilterChain))
#4 D:\xampp\htdocs\yii\framework\web\filters\CFilterChain.php(131): CInlineFilter->filter(Object(CFilterChain))
#5 D:\xampp\htdocs\yii\framework\web\CController.php(291): CFilterChain->run()
#6 D:\xampp\htdocs\yii\framework\web\CController.php(265): CController->runActionWithFilters(Object(CInlineAction), Array)
#7 D:\xampp\htdocs\yii\framework\web\CWebApplication.php(282): CController->run('admin')
#8 D:\xampp\htdocs\yii\framework\web\CWebApplication.php(141): CWebApplication->runController('user/admin')
#9 D:\xampp\htdocs\yii\framework\base\CApplication.php(185): CWebApplication->processRequest()
#10 D:\xampp\htdocs\SIK\index.php(13): CApplication->run()
#11 {main}
REQUEST_URI=/sik/index.php?r=user/admin
HTTP_REFERER=http://localhost/sik/index.php
---
2020/10/25 11:26:35 [error] [exception.CException] exception 'CException' with message 'Property "CWebUser.isAdmin" is not defined.' in D:\xampp\htdocs\yii\framework\base\CComponent.php:130
Stack trace:
#0 D:\xampp\htdocs\yii\framework\web\auth\CWebUser.php(146): CComponent->__get('isAdmin')
#1 D:\xampp\htdocs\SIK\protected\views\layouts\main.php(33): CWebUser->__get('isAdmin')
#2 D:\xampp\htdocs\yii\framework\web\CBaseController.php(126): require('D:\\xampp\\htdocs...')
#3 D:\xampp\htdocs\yii\framework\web\CBaseController.php(95): CBaseController->renderInternal('D:\\xampp\\htdocs...', Array, true)
#4 D:\xampp\htdocs\yii\framework\web\widgets\CContentDecorator.php(76): CBaseController->renderFile('D:\\xampp\\htdocs...', Array, true)
#5 D:\xampp\htdocs\yii\framework\web\widgets\CContentDecorator.php(54): CContentDecorator->decorate('<div id="conten...')
#6 D:\xampp\htdocs\yii\framework\web\widgets\COutputProcessor.php(44): CContentDecorator->processOutput('<div id="conten...')
#7 D:\xampp\htdocs\yii\framework\web\CBaseController.php(215): COutputProcessor->run()
#8 D:\xampp\htdocs\yii\framework\web\CBaseController.php(309): CBaseController->endWidget('CContentDecorat...')
#9 D:\xampp\htdocs\SIK\protected\views\layouts\column1.php(6): CBaseController->endContent()
#10 D:\xampp\htdocs\yii\framework\web\CBaseController.php(126): require('D:\\xampp\\htdocs...')
#11 D:\xampp\htdocs\yii\framework\web\CBaseController.php(95): CBaseController->renderInternal('D:\\xampp\\htdocs...', Array, true)
#12 D:\xampp\htdocs\yii\framework\web\CController.php(787): CBaseController->renderFile('D:\\xampp\\htdocs...', Array, true)
#13 D:\xampp\htdocs\SIK\protected\controllers\SiteController.php(72): CController->render('contact', Array)
#14 D:\xampp\htdocs\yii\framework\web\actions\CInlineAction.php(49): SiteController->actionContact()
#15 D:\xampp\htdocs\yii\framework\web\CController.php(308): CInlineAction->runWithParams(Array)
#16 D:\xampp\htdocs\yii\framework\web\CController.php(286): CController->runAction(Object(CInlineAction))
#17 D:\xampp\htdocs\yii\framework\web\CController.php(265): CController->runActionWithFilters(Object(CInlineAction), Array)
#18 D:\xampp\htdocs\yii\framework\web\CWebApplication.php(282): CController->run('contact')
#19 D:\xampp\htdocs\yii\framework\web\CWebApplication.php(141): CWebApplication->runController('site/contact')
#20 D:\xampp\htdocs\yii\framework\base\CApplication.php(185): CWebApplication->processRequest()
#21 D:\xampp\htdocs\SIK\index.php(13): CApplication->run()
#22 {main}
REQUEST_URI=/sik/index.php?r=site/contact
HTTP_REFERER=http://localhost/sik/index.php
---
2020/10/25 11:28:56 [error] [exception.CException] exception 'CException' with message 'Property "CWebUser.isAdminUser" is not defined.' in D:\xampp\htdocs\yii\framework\base\CComponent.php:130
Stack trace:
#0 D:\xampp\htdocs\yii\framework\web\auth\CWebUser.php(146): CComponent->__get('isAdminUser')
#1 D:\xampp\htdocs\SIK\protected\views\layouts\main.php(33): CWebUser->__get('isAdminUser')
#2 D:\xampp\htdocs\yii\framework\web\CBaseController.php(126): require('D:\\xampp\\htdocs...')
#3 D:\xampp\htdocs\yii\framework\web\CBaseController.php(95): CBaseController->renderInternal('D:\\xampp\\htdocs...', Array, true)
#4 D:\xampp\htdocs\yii\framework\web\widgets\CContentDecorator.php(76): CBaseController->renderFile('D:\\xampp\\htdocs...', Array, true)
#5 D:\xampp\htdocs\yii\framework\web\widgets\CContentDecorator.php(54): CContentDecorator->decorate('<div id="conten...')
#6 D:\xampp\htdocs\yii\framework\web\widgets\COutputProcessor.php(44): CContentDecorator->processOutput('<div id="conten...')
#7 D:\xampp\htdocs\yii\framework\web\CBaseController.php(215): COutputProcessor->run()
#8 D:\xampp\htdocs\yii\framework\web\CBaseController.php(309): CBaseController->endWidget('CContentDecorat...')
#9 D:\xampp\htdocs\SIK\protected\views\layouts\column1.php(6): CBaseController->endContent()
#10 D:\xampp\htdocs\yii\framework\web\CBaseController.php(126): require('D:\\xampp\\htdocs...')
#11 D:\xampp\htdocs\yii\framework\web\CBaseController.php(95): CBaseController->renderInternal('D:\\xampp\\htdocs...', Array, true)
#12 D:\xampp\htdocs\yii\framework\web\CController.php(787): CBaseController->renderFile('D:\\xampp\\htdocs...', Array, true)
#13 D:\xampp\htdocs\SIK\protected\controllers\SiteController.php(32): CController->render('index')
#14 D:\xampp\htdocs\yii\framework\web\actions\CInlineAction.php(49): SiteController->actionIndex()
#15 D:\xampp\htdocs\yii\framework\web\CController.php(308): CInlineAction->runWithParams(Array)
#16 D:\xampp\htdocs\yii\framework\web\CController.php(286): CController->runAction(Object(CInlineAction))
#17 D:\xampp\htdocs\yii\framework\web\CController.php(265): CController->runActionWithFilters(Object(CInlineAction), Array)
#18 D:\xampp\htdocs\yii\framework\web\CWebApplication.php(282): CController->run('')
#19 D:\xampp\htdocs\yii\framework\web\CWebApplication.php(141): CWebApplication->runController('')
#20 D:\xampp\htdocs\yii\framework\base\CApplication.php(185): CWebApplication->processRequest()
#21 D:\xampp\htdocs\SIK\index.php(13): CApplication->run()
#22 {main}
REQUEST_URI=/sik/index.php
HTTP_REFERER=http://localhost/sik/index.php
---
2020/10/28 10:53:18 [error] [exception.CHttpException.403] exception 'CHttpException' with message 'You are not authorized to perform this action.' in D:\xampp\htdocs\yii\framework\web\auth\CAccessControlFilter.php:183
Stack trace:
#0 D:\xampp\htdocs\yii\framework\web\auth\CAccessControlFilter.php(145): CAccessControlFilter->accessDenied(Object(CWebUser), 'You are not aut...')
#1 D:\xampp\htdocs\yii\framework\web\filters\CFilter.php(38): CAccessControlFilter->preFilter(Object(CFilterChain))
#2 D:\xampp\htdocs\yii\framework\web\CController.php(1148): CFilter->filter(Object(CFilterChain))
#3 D:\xampp\htdocs\yii\framework\web\filters\CInlineFilter.php(58): CController->filterAccessControl(Object(CFilterChain))
#4 D:\xampp\htdocs\yii\framework\web\filters\CFilterChain.php(131): CInlineFilter->filter(Object(CFilterChain))
#5 D:\xampp\htdocs\yii\framework\web\CController.php(291): CFilterChain->run()
#6 D:\xampp\htdocs\yii\framework\web\CController.php(265): CController->runActionWithFilters(Object(CInlineAction), Array)
#7 D:\xampp\htdocs\yii\framework\web\CWebApplication.php(282): CController->run('admin')
#8 D:\xampp\htdocs\yii\framework\web\CWebApplication.php(141): CWebApplication->runController('user/admin')
#9 D:\xampp\htdocs\yii\framework\base\CApplication.php(185): CWebApplication->processRequest()
#10 D:\xampp\htdocs\SIK\index.php(13): CApplication->run()
#11 {main}
REQUEST_URI=/SIK/index.php?r=user/admin
HTTP_REFERER=http://localhost/SIK/index.php
---
2020/10/28 10:54:08 [error] [php] Use of undefined constant ‘isAdmin’ - assumed '‘isAdmin’' (D:\xampp\htdocs\SIK\protected\views\layouts\main.php:33)
Stack trace:
#0 D:\xampp\htdocs\yii\framework\web\widgets\CContentDecorator.php(76): SiteController->renderFile()
#1 D:\xampp\htdocs\yii\framework\web\widgets\CContentDecorator.php(54): CContentDecorator->decorate()
#2 D:\xampp\htdocs\yii\framework\web\widgets\COutputProcessor.php(44): CContentDecorator->processOutput()
#3 D:\xampp\htdocs\yii\framework\web\CBaseController.php(215): CContentDecorator->run()
#4 D:\xampp\htdocs\yii\framework\web\CBaseController.php(309): SiteController->endWidget()
#5 D:\xampp\htdocs\SIK\protected\views\layouts\column1.php(6): SiteController->endContent()
#6 D:\xampp\htdocs\yii\framework\web\CBaseController.php(126): require()
#7 D:\xampp\htdocs\yii\framework\web\CBaseController.php(95): SiteController->renderInternal()
#8 D:\xampp\htdocs\yii\framework\web\CController.php(787): SiteController->renderFile()
#9 D:\xampp\htdocs\yii\framework\web\actions\CViewAction.php(140): SiteController->render()
#10 D:\xampp\htdocs\yii\framework\web\actions\CAction.php(76): CViewAction->run()
#11 D:\xampp\htdocs\yii\framework\web\CController.php(308): CViewAction->runWithParams()
#12 D:\xampp\htdocs\yii\framework\web\CController.php(286): SiteController->runAction()
#13 D:\xampp\htdocs\yii\framework\web\CController.php(265): SiteController->runActionWithFilters()
#14 D:\xampp\htdocs\yii\framework\web\CWebApplication.php(282): SiteController->run()
#15 D:\xampp\htdocs\yii\framework\web\CWebApplication.php(141): CWebApplication->runController()
#16 D:\xampp\htdocs\yii\framework\base\CApplication.php(185): CWebApplication->processRequest()
#17 D:\xampp\htdocs\SIK\index.php(13): CWebApplication->run()
REQUEST_URI=/SIK/index.php?r=site/page&view=about
in D:\xampp\htdocs\SIK\protected\views\layouts\main.php (33)
in D:\xampp\htdocs\SIK\protected\views\layouts\column1.php (6)
in D:\xampp\htdocs\SIK\index.php (13)
2020/10/28 10:54:48 [error] [php] Use of undefined constant ‘isAdmin’ - assumed '‘isAdmin’' (D:\xampp\htdocs\SIK\protected\views\layouts\main.php:33)
Stack trace:
#0 D:\xampp\htdocs\yii\framework\web\widgets\CContentDecorator.php(76): SiteController->renderFile()
#1 D:\xampp\htdocs\yii\framework\web\widgets\CContentDecorator.php(54): CContentDecorator->decorate()
#2 D:\xampp\htdocs\yii\framework\web\widgets\COutputProcessor.php(44): CContentDecorator->processOutput()
#3 D:\xampp\htdocs\yii\framework\web\CBaseController.php(215): CContentDecorator->run()
#4 D:\xampp\htdocs\yii\framework\web\CBaseController.php(309): SiteController->endWidget()
#5 D:\xampp\htdocs\SIK\protected\views\layouts\column1.php(6): SiteController->endContent()
#6 D:\xampp\htdocs\yii\framework\web\CBaseController.php(126): require()
#7 D:\xampp\htdocs\yii\framework\web\CBaseController.php(95): SiteController->renderInternal()
#8 D:\xampp\htdocs\yii\framework\web\CController.php(787): SiteController->renderFile()
#9 D:\xampp\htdocs\yii\framework\web\actions\CViewAction.php(140): SiteController->render()
#10 D:\xampp\htdocs\yii\framework\web\actions\CAction.php(76): CViewAction->run()
#11 D:\xampp\htdocs\yii\framework\web\CController.php(308): CViewAction->runWithParams()
#12 D:\xampp\htdocs\yii\framework\web\CController.php(286): SiteController->runAction()
#13 D:\xampp\htdocs\yii\framework\web\CController.php(265): SiteController->runActionWithFilters()
#14 D:\xampp\htdocs\yii\framework\web\CWebApplication.php(282): SiteController->run()
#15 D:\xampp\htdocs\yii\framework\web\CWebApplication.php(141): CWebApplication->runController()
#16 D:\xampp\htdocs\yii\framework\base\CApplication.php(185): CWebApplication->processRequest()
#17 D:\xampp\htdocs\SIK\index.php(13): CWebApplication->run()
REQUEST_URI=/SIK/index.php?r=site/page&view=about
in D:\xampp\htdocs\SIK\protected\views\layouts\main.php (33)
in D:\xampp\htdocs\SIK\protected\views\layouts\column1.php (6)
in D:\xampp\htdocs\SIK\index.php (13)
2020/10/28 10:55:01 [error] [exception.CException] exception 'CException' with message 'Property "CWebUser.isAdmin" is not defined.' in D:\xampp\htdocs\yii\framework\base\CComponent.php:130
Stack trace:
#0 D:\xampp\htdocs\yii\framework\web\auth\CWebUser.php(146): CComponent->__get('isAdmin')
#1 D:\xampp\htdocs\SIK\protected\views\layouts\main.php(33): CWebUser->__get('isAdmin')
#2 D:\xampp\htdocs\yii\framework\web\CBaseController.php(126): require('D:\\xampp\\htdocs...')
#3 D:\xampp\htdocs\yii\framework\web\CBaseController.php(95): CBaseController->renderInternal('D:\\xampp\\htdocs...', Array, true)
#4 D:\xampp\htdocs\yii\framework\web\widgets\CContentDecorator.php(76): CBaseController->renderFile('D:\\xampp\\htdocs...', Array, true)
#5 D:\xampp\htdocs\yii\framework\web\widgets\CContentDecorator.php(54): CContentDecorator->decorate('<div id="conten...')
#6 D:\xampp\htdocs\yii\framework\web\widgets\COutputProcessor.php(44): CContentDecorator->processOutput('<div id="conten...')
#7 D:\xampp\htdocs\yii\framework\web\CBaseController.php(215): COutputProcessor->run()
#8 D:\xampp\htdocs\yii\framework\web\CBaseController.php(309): CBaseController->endWidget('CContentDecorat...')
#9 D:\xampp\htdocs\SIK\protected\views\layouts\column1.php(6): CBaseController->endContent()
#10 D:\xampp\htdocs\yii\framework\web\CBaseController.php(126): require('D:\\xampp\\htdocs...')
#11 D:\xampp\htdocs\yii\framework\web\CBaseController.php(95): CBaseController->renderInternal('D:\\xampp\\htdocs...', Array, true)
#12 D:\xampp\htdocs\yii\framework\web\CController.php(787): CBaseController->renderFile('D:\\xampp\\htdocs...', Array, true)
#13 D:\xampp\htdocs\yii\framework\web\actions\CViewAction.php(140): CController->render('pages/about')
#14 D:\xampp\htdocs\yii\framework\web\actions\CAction.php(76): CViewAction->run()
#15 D:\xampp\htdocs\yii\framework\web\CController.php(308): CAction->runWithParams(Array)
#16 D:\xampp\htdocs\yii\framework\web\CController.php(286): CController->runAction(Object(CViewAction))
#17 D:\xampp\htdocs\yii\framework\web\CController.php(265): CController->runActionWithFilters(Object(CViewAction), Array)
#18 D:\xampp\htdocs\yii\framework\web\CWebApplication.php(282): CController->run('page')
#19 D:\xampp\htdocs\yii\framework\web\CWebApplication.php(141): CWebApplication->runController('site/page')
#20 D:\xampp\htdocs\yii\framework\base\CApplication.php(185): CWebApplication->processRequest()
#21 D:\xampp\htdocs\SIK\index.php(13): CApplication->run()
#22 {main}
REQUEST_URI=/SIK/index.php?r=site/page&view=about
HTTP_REFERER=http://localhost/SIK/index.php
---
2020/10/28 11:01:27 [error] [exception.CException] exception 'CException' with message 'Property "CWebUser.admin" is not defined.' in D:\xampp\htdocs\yii\framework\base\CComponent.php:130
Stack trace:
#0 D:\xampp\htdocs\yii\framework\web\auth\CWebUser.php(146): CComponent->__get('admin')
#1 D:\xampp\htdocs\SIK\protected\views\layouts\main.php(33): CWebUser->__get('admin')
#2 D:\xampp\htdocs\yii\framework\web\CBaseController.php(126): require('D:\\xampp\\htdocs...')
#3 D:\xampp\htdocs\yii\framework\web\CBaseController.php(95): CBaseController->renderInternal('D:\\xampp\\htdocs...', Array, true)
#4 D:\xampp\htdocs\yii\framework\web\widgets\CContentDecorator.php(76): CBaseController->renderFile('D:\\xampp\\htdocs...', Array, true)
#5 D:\xampp\htdocs\yii\framework\web\widgets\CContentDecorator.php(54): CContentDecorator->decorate('<div id="conten...')
#6 D:\xampp\htdocs\yii\framework\web\widgets\COutputProcessor.php(44): CContentDecorator->processOutput('<div id="conten...')
#7 D:\xampp\htdocs\yii\framework\web\CBaseController.php(215): COutputProcessor->run()
#8 D:\xampp\htdocs\yii\framework\web\CBaseController.php(309): CBaseController->endWidget('CContentDecorat...')
#9 D:\xampp\htdocs\SIK\protected\views\layouts\column1.php(6): CBaseController->endContent()
#10 D:\xampp\htdocs\yii\framework\web\CBaseController.php(126): require('D:\\xampp\\htdocs...')
#11 D:\xampp\htdocs\yii\framework\web\CBaseController.php(95): CBaseController->renderInternal('D:\\xampp\\htdocs...', Array, true)
#12 D:\xampp\htdocs\yii\framework\web\CController.php(787): CBaseController->renderFile('D:\\xampp\\htdocs...', Array, true)
#13 D:\xampp\htdocs\SIK\protected\controllers\SiteController.php(72): CController->render('contact', Array)
#14 D:\xampp\htdocs\yii\framework\web\actions\CInlineAction.php(49): SiteController->actionContact()
#15 D:\xampp\htdocs\yii\framework\web\CController.php(308): CInlineAction->runWithParams(Array)
#16 D:\xampp\htdocs\yii\framework\web\CController.php(286): CController->runAction(Object(CInlineAction))
#17 D:\xampp\htdocs\yii\framework\web\CController.php(265): CController->runActionWithFilters(Object(CInlineAction), Array)
#18 D:\xampp\htdocs\yii\framework\web\CWebApplication.php(282): CController->run('contact')
#19 D:\xampp\htdocs\yii\framework\web\CWebApplication.php(141): CWebApplication->runController('site/contact')
#20 D:\xampp\htdocs\yii\framework\base\CApplication.php(185): CWebApplication->processRequest()
#21 D:\xampp\htdocs\SIK\index.php(13): CApplication->run()
#22 {main}
REQUEST_URI=/SIK/index.php?r=site/contact
HTTP_REFERER=http://localhost/SIK/index.php
---
2020/10/28 11:03:27 [error] [php] Use of undefined constant ‘isAdmin’ - assumed '‘isAdmin’' (D:\xampp\htdocs\SIK\protected\views\layouts\main.php:33)
Stack trace:
#0 D:\xampp\htdocs\yii\framework\web\widgets\CContentDecorator.php(76): SiteController->renderFile()
#1 D:\xampp\htdocs\yii\framework\web\widgets\CContentDecorator.php(54): CContentDecorator->decorate()
#2 D:\xampp\htdocs\yii\framework\web\widgets\COutputProcessor.php(44): CContentDecorator->processOutput()
#3 D:\xampp\htdocs\yii\framework\web\CBaseController.php(215): CContentDecorator->run()
#4 D:\xampp\htdocs\yii\framework\web\CBaseController.php(309): SiteController->endWidget()
#5 D:\xampp\htdocs\SIK\protected\views\layouts\column1.php(6): SiteController->endContent()
#6 D:\xampp\htdocs\yii\framework\web\CBaseController.php(126): require()
#7 D:\xampp\htdocs\yii\framework\web\CBaseController.php(95): SiteController->renderInternal()
#8 D:\xampp\htdocs\yii\framework\web\CController.php(787): SiteController->renderFile()
#9 D:\xampp\htdocs\yii\framework\web\actions\CViewAction.php(140): SiteController->render()
#10 D:\xampp\htdocs\yii\framework\web\actions\CAction.php(76): CViewAction->run()
#11 D:\xampp\htdocs\yii\framework\web\CController.php(308): CViewAction->runWithParams()
#12 D:\xampp\htdocs\yii\framework\web\CController.php(286): SiteController->runAction()
#13 D:\xampp\htdocs\yii\framework\web\CController.php(265): SiteController->runActionWithFilters()
#14 D:\xampp\htdocs\yii\framework\web\CWebApplication.php(282): SiteController->run()
#15 D:\xampp\htdocs\yii\framework\web\CWebApplication.php(141): CWebApplication->runController()
#16 D:\xampp\htdocs\yii\framework\base\CApplication.php(185): CWebApplication->processRequest()
#17 D:\xampp\htdocs\SIK\index.php(13): CWebApplication->run()
REQUEST_URI=/SIK/index.php?r=site/page&view=about
in D:\xampp\htdocs\SIK\protected\views\layouts\main.php (33)
in D:\xampp\htdocs\SIK\protected\views\layouts\column1.php (6)
in D:\xampp\htdocs\SIK\index.php (13)
2020/10/28 11:08:32 [error] [exception.CException] exception 'CException' with message 'CWebApplication and its behaviors do not have a method or closure named "session_name".' in D:\xampp\htdocs\yii\framework\base\CComponent.php:266
Stack trace:
#0 D:\xampp\htdocs\SIK\protected\views\layouts\main.php(33): CComponent->__call('session_name', Array)
#1 D:\xampp\htdocs\SIK\protected\views\layouts\main.php(33): CWebApplication->session_name('admin')
#2 D:\xampp\htdocs\yii\framework\web\CBaseController.php(126): require('D:\\xampp\\htdocs...')
#3 D:\xampp\htdocs\yii\framework\web\CBaseController.php(95): CBaseController->renderInternal('D:\\xampp\\htdocs...', Array, true)
#4 D:\xampp\htdocs\yii\framework\web\widgets\CContentDecorator.php(76): CBaseController->renderFile('D:\\xampp\\htdocs...', Array, true)
#5 D:\xampp\htdocs\yii\framework\web\widgets\CContentDecorator.php(54): CContentDecorator->decorate('<div id="conten...')
#6 D:\xampp\htdocs\yii\framework\web\widgets\COutputProcessor.php(44): CContentDecorator->processOutput('<div id="conten...')
#7 D:\xampp\htdocs\yii\framework\web\CBaseController.php(215): COutputProcessor->run()
#8 D:\xampp\htdocs\yii\framework\web\CBaseController.php(309): CBaseController->endWidget('CContentDecorat...')
#9 D:\xampp\htdocs\SIK\protected\views\layouts\column1.php(6): CBaseController->endContent()
#10 D:\xampp\htdocs\yii\framework\web\CBaseController.php(126): require('D:\\xampp\\htdocs...')
#11 D:\xampp\htdocs\yii\framework\web\CBaseController.php(95): CBaseController->renderInternal('D:\\xampp\\htdocs...', Array, true)
#12 D:\xampp\htdocs\yii\framework\web\CController.php(787): CBaseController->renderFile('D:\\xampp\\htdocs...', Array, true)
#13 D:\xampp\htdocs\SIK\protected\controllers\SiteController.php(72): CController->render('contact', Array)
#14 D:\xampp\htdocs\yii\framework\web\actions\CInlineAction.php(49): SiteController->actionContact()
#15 D:\xampp\htdocs\yii\framework\web\CController.php(308): CInlineAction->runWithParams(Array)
#16 D:\xampp\htdocs\yii\framework\web\CController.php(286): CController->runAction(Object(CInlineAction))
#17 D:\xampp\htdocs\yii\framework\web\CController.php(265): CController->runActionWithFilters(Object(CInlineAction), Array)
#18 D:\xampp\htdocs\yii\framework\web\CWebApplication.php(282): CController->run('contact')
#19 D:\xampp\htdocs\yii\framework\web\CWebApplication.php(141): CWebApplication->runController('site/contact')
#20 D:\xampp\htdocs\yii\framework\base\CApplication.php(185): CWebApplication->processRequest()
#21 D:\xampp\htdocs\SIK\index.php(13): CApplication->run()
#22 {main}
REQUEST_URI=/SIK/index.php?r=site/contact
HTTP_REFERER=http://localhost/SIK/index.php?r=site/page&view=about
---
2020/10/28 11:09:01 [error] [exception.CException] exception 'CException' with message 'CWebApplication and its behaviors do not have a method or closure named "session_id".' in D:\xampp\htdocs\yii\framework\base\CComponent.php:266
Stack trace:
#0 D:\xampp\htdocs\SIK\protected\views\layouts\main.php(33): CComponent->__call('session_id', Array)
#1 D:\xampp\htdocs\SIK\protected\views\layouts\main.php(33): CWebApplication->session_id('admin')
#2 D:\xampp\htdocs\yii\framework\web\CBaseController.php(126): require('D:\\xampp\\htdocs...')
#3 D:\xampp\htdocs\yii\framework\web\CBaseController.php(95): CBaseController->renderInternal('D:\\xampp\\htdocs...', Array, true)
#4 D:\xampp\htdocs\yii\framework\web\widgets\CContentDecorator.php(76): CBaseController->renderFile('D:\\xampp\\htdocs...', Array, true)
#5 D:\xampp\htdocs\yii\framework\web\widgets\CContentDecorator.php(54): CContentDecorator->decorate('<div id="conten...')
#6 D:\xampp\htdocs\yii\framework\web\widgets\COutputProcessor.php(44): CContentDecorator->processOutput('<div id="conten...')
#7 D:\xampp\htdocs\yii\framework\web\CBaseController.php(215): COutputProcessor->run()
#8 D:\xampp\htdocs\yii\framework\web\CBaseController.php(309): CBaseController->endWidget('CContentDecorat...')
#9 D:\xampp\htdocs\SIK\protected\views\layouts\column1.php(6): CBaseController->endContent()
#10 D:\xampp\htdocs\yii\framework\web\CBaseController.php(126): require('D:\\xampp\\htdocs...')
#11 D:\xampp\htdocs\yii\framework\web\CBaseController.php(95): CBaseController->renderInternal('D:\\xampp\\htdocs...', Array, true)
#12 D:\xampp\htdocs\yii\framework\web\CController.php(787): CBaseController->renderFile('D:\\xampp\\htdocs...', Array, true)
#13 D:\xampp\htdocs\SIK\protected\controllers\SiteController.php(72): CController->render('contact', Array)
#14 D:\xampp\htdocs\yii\framework\web\actions\CInlineAction.php(49): SiteController->actionContact()
#15 D:\xampp\htdocs\yii\framework\web\CController.php(308): CInlineAction->runWithParams(Array)
#16 D:\xampp\htdocs\yii\framework\web\CController.php(286): CController->runAction(Object(CInlineAction))
#17 D:\xampp\htdocs\yii\framework\web\CController.php(265): CController->runActionWithFilters(Object(CInlineAction), Array)
#18 D:\xampp\htdocs\yii\framework\web\CWebApplication.php(282): CController->run('contact')
#19 D:\xampp\htdocs\yii\framework\web\CWebApplication.php(141): CWebApplication->runController('site/contact')
#20 D:\xampp\htdocs\yii\framework\base\CApplication.php(185): CWebApplication->processRequest()
#21 D:\xampp\htdocs\SIK\index.php(13): CApplication->run()
#22 {main}
REQUEST_URI=/SIK/index.php?r=site/contact
HTTP_REFERER=http://localhost/SIK/index.php?r=site/page&view=about
---
2020/10/28 11:09:40 [error] [exception.CException] exception 'CException' with message 'CWebApplication and its behaviors do not have a method or closure named "session".' in D:\xampp\htdocs\yii\framework\base\CComponent.php:266
Stack trace:
#0 D:\xampp\htdocs\SIK\protected\views\layouts\main.php(33): CComponent->__call('session', Array)
#1 D:\xampp\htdocs\SIK\protected\views\layouts\main.php(33): CWebApplication->session('admin')
#2 D:\xampp\htdocs\yii\framework\web\CBaseController.php(126): require('D:\\xampp\\htdocs...')
#3 D:\xampp\htdocs\yii\framework\web\CBaseController.php(95): CBaseController->renderInternal('D:\\xampp\\htdocs...', Array, true)
#4 D:\xampp\htdocs\yii\framework\web\widgets\CContentDecorator.php(76): CBaseController->renderFile('D:\\xampp\\htdocs...', Array, true)
#5 D:\xampp\htdocs\yii\framework\web\widgets\CContentDecorator.php(54): CContentDecorator->decorate('<div id="conten...')
#6 D:\xampp\htdocs\yii\framework\web\widgets\COutputProcessor.php(44): CContentDecorator->processOutput('<div id="conten...')
#7 D:\xampp\htdocs\yii\framework\web\CBaseController.php(215): COutputProcessor->run()
#8 D:\xampp\htdocs\yii\framework\web\CBaseController.php(309): CBaseController->endWidget('CContentDecorat...')
#9 D:\xampp\htdocs\SIK\protected\views\layouts\column1.php(6): CBaseController->endContent()
#10 D:\xampp\htdocs\yii\framework\web\CBaseController.php(126): require('D:\\xampp\\htdocs...')
#11 D:\xampp\htdocs\yii\framework\web\CBaseController.php(95): CBaseController->renderInternal('D:\\xampp\\htdocs...', Array, true)
#12 D:\xampp\htdocs\yii\framework\web\CController.php(787): CBaseController->renderFile('D:\\xampp\\htdocs...', Array, true)
#13 D:\xampp\htdocs\SIK\protected\controllers\SiteController.php(72): CController->render('contact', Array)
#14 D:\xampp\htdocs\yii\framework\web\actions\CInlineAction.php(49): SiteController->actionContact()
#15 D:\xampp\htdocs\yii\framework\web\CController.php(308): CInlineAction->runWithParams(Array)
#16 D:\xampp\htdocs\yii\framework\web\CController.php(286): CController->runAction(Object(CInlineAction))
#17 D:\xampp\htdocs\yii\framework\web\CController.php(265): CController->runActionWithFilters(Object(CInlineAction), Array)
#18 D:\xampp\htdocs\yii\framework\web\CWebApplication.php(282): CController->run('contact')
#19 D:\xampp\htdocs\yii\framework\web\CWebApplication.php(141): CWebApplication->runController('site/contact')
#20 D:\xampp\htdocs\yii\framework\base\CApplication.php(185): CWebApplication->processRequest()
#21 D:\xampp\htdocs\SIK\index.php(13): CApplication->run()
#22 {main}
REQUEST_URI=/SIK/index.php?r=site/contact
HTTP_REFERER=http://localhost/SIK/index.php?r=site/page&view=about
---
2020/10/28 12:17:03 [error] [php] Use of undefined constant User - assumed 'User' (D:\xampp\htdocs\SIK\protected\views\layouts\main.php:36)
Stack trace:
#0 D:\xampp\htdocs\yii\framework\web\widgets\CContentDecorator.php(76): SiteController->renderFile()
#1 D:\xampp\htdocs\yii\framework\web\widgets\CContentDecorator.php(54): CContentDecorator->decorate()
#2 D:\xampp\htdocs\yii\framework\web\widgets\COutputProcessor.php(44): CContentDecorator->processOutput()
#3 D:\xampp\htdocs\yii\framework\web\CBaseController.php(215): CContentDecorator->run()
#4 D:\xampp\htdocs\yii\framework\web\CBaseController.php(309): SiteController->endWidget()
#5 D:\xampp\htdocs\SIK\protected\views\layouts\column1.php(6): SiteController->endContent()
#6 D:\xampp\htdocs\yii\framework\web\CBaseController.php(126): require()
#7 D:\xampp\htdocs\yii\framework\web\CBaseController.php(95): SiteController->renderInternal()
#8 D:\xampp\htdocs\yii\framework\web\CController.php(787): SiteController->renderFile()
#9 D:\xampp\htdocs\yii\framework\web\actions\CViewAction.php(140): SiteController->render()
#10 D:\xampp\htdocs\yii\framework\web\actions\CAction.php(76): CViewAction->run()
#11 D:\xampp\htdocs\yii\framework\web\CController.php(308): CViewAction->runWithParams()
#12 D:\xampp\htdocs\yii\framework\web\CController.php(286): SiteController->runAction()
#13 D:\xampp\htdocs\yii\framework\web\CController.php(265): SiteController->runActionWithFilters()
#14 D:\xampp\htdocs\yii\framework\web\CWebApplication.php(282): SiteController->run()
#15 D:\xampp\htdocs\yii\framework\web\CWebApplication.php(141): CWebApplication->runController()
#16 D:\xampp\htdocs\yii\framework\base\CApplication.php(185): CWebApplication->processRequest()
#17 D:\xampp\htdocs\SIK\index.php(13): CWebApplication->run()
REQUEST_URI=/SIK/index.php?r=site/page&view=about
in D:\xampp\htdocs\SIK\protected\views\layouts\main.php (36)
in D:\xampp\htdocs\SIK\protected\views\layouts\column1.php (6)
in D:\xampp\htdocs\SIK\index.php (13)
2020/10/28 12:17:27 [error] [php] Use of undefined constant admin - assumed 'admin' (D:\xampp\htdocs\SIK\protected\views\layouts\main.php:36)
Stack trace:
#0 D:\xampp\htdocs\yii\framework\web\widgets\CContentDecorator.php(76): SiteController->renderFile()
#1 D:\xampp\htdocs\yii\framework\web\widgets\CContentDecorator.php(54): CContentDecorator->decorate()
#2 D:\xampp\htdocs\yii\framework\web\widgets\COutputProcessor.php(44): CContentDecorator->processOutput()
#3 D:\xampp\htdocs\yii\framework\web\CBaseController.php(215): CContentDecorator->run()
#4 D:\xampp\htdocs\yii\framework\web\CBaseController.php(309): SiteController->endWidget()
#5 D:\xampp\htdocs\SIK\protected\views\layouts\column1.php(6): SiteController->endContent()
#6 D:\xampp\htdocs\yii\framework\web\CBaseController.php(126): require()
#7 D:\xampp\htdocs\yii\framework\web\CBaseController.php(95): SiteController->renderInternal()
#8 D:\xampp\htdocs\yii\framework\web\CController.php(787): SiteController->renderFile()
#9 D:\xampp\htdocs\yii\framework\web\actions\CViewAction.php(140): SiteController->render()
#10 D:\xampp\htdocs\yii\framework\web\actions\CAction.php(76): CViewAction->run()
#11 D:\xampp\htdocs\yii\framework\web\CController.php(308): CViewAction->runWithParams()
#12 D:\xampp\htdocs\yii\framework\web\CController.php(286): SiteController->runAction()
#13 D:\xampp\htdocs\yii\framework\web\CController.php(265): SiteController->runActionWithFilters()
#14 D:\xampp\htdocs\yii\framework\web\CWebApplication.php(282): SiteController->run()
#15 D:\xampp\htdocs\yii\framework\web\CWebApplication.php(141): CWebApplication->runController()
#16 D:\xampp\htdocs\yii\framework\base\CApplication.php(185): CWebApplication->processRequest()
#17 D:\xampp\htdocs\SIK\index.php(13): CWebApplication->run()
REQUEST_URI=/SIK/index.php?r=site/page&view=about
in D:\xampp\htdocs\SIK\protected\views\layouts\main.php (36)
in D:\xampp\htdocs\SIK\protected\views\layouts\column1.php (6)
in D:\xampp\htdocs\SIK\index.php (13)
2020/10/29 00:29:27 [error] [exception.CHttpException.403] exception 'CHttpException' with message 'You are not authorized to perform this action.' in D:\xampp\htdocs\yii\framework\web\auth\CAccessControlFilter.php:183
Stack trace:
#0 D:\xampp\htdocs\yii\framework\web\auth\CAccessControlFilter.php(145): CAccessControlFilter->accessDenied(Object(CWebUser), 'You are not aut...')
#1 D:\xampp\htdocs\yii\framework\web\filters\CFilter.php(38): CAccessControlFilter->preFilter(Object(CFilterChain))
#2 D:\xampp\htdocs\yii\framework\web\CController.php(1148): CFilter->filter(Object(CFilterChain))
#3 D:\xampp\htdocs\yii\framework\web\filters\CInlineFilter.php(58): CController->filterAccessControl(Object(CFilterChain))
#4 D:\xampp\htdocs\yii\framework\web\filters\CFilterChain.php(131): CInlineFilter->filter(Object(CFilterChain))
#5 D:\xampp\htdocs\yii\framework\web\CController.php(291): CFilterChain->run()
#6 D:\xampp\htdocs\yii\framework\web\CController.php(265): CController->runActionWithFilters(Object(CInlineAction), Array)
#7 D:\xampp\htdocs\yii\framework\web\CWebApplication.php(282): CController->run('admin')
#8 D:\xampp\htdocs\yii\framework\web\CWebApplication.php(141): CWebApplication->runController('user/admin')
#9 D:\xampp\htdocs\yii\framework\base\CApplication.php(185): CWebApplication->processRequest()
#10 D:\xampp\htdocs\SIK\index.php(13): CApplication->run()
#11 {main}
REQUEST_URI=/SIK/index.php?r=user/admin
HTTP_REFERER=http://localhost/SIK/index.php
---
2020/10/29 00:31:30 [error] [exception.CHttpException.403] exception 'CHttpException' with message 'You are not authorized to perform this action.' in D:\xampp\htdocs\yii\framework\web\auth\CAccessControlFilter.php:183
Stack trace:
#0 D:\xampp\htdocs\yii\framework\web\auth\CAccessControlFilter.php(145): CAccessControlFilter->accessDenied(Object(CWebUser), 'You are not aut...')
#1 D:\xampp\htdocs\yii\framework\web\filters\CFilter.php(38): CAccessControlFilter->preFilter(Object(CFilterChain))
#2 D:\xampp\htdocs\yii\framework\web\CController.php(1148): CFilter->filter(Object(CFilterChain))
#3 D:\xampp\htdocs\yii\framework\web\filters\CInlineFilter.php(58): CController->filterAccessControl(Object(CFilterChain))
#4 D:\xampp\htdocs\yii\framework\web\filters\CFilterChain.php(131): CInlineFilter->filter(Object(CFilterChain))
#5 D:\xampp\htdocs\yii\framework\web\CController.php(291): CFilterChain->run()
#6 D:\xampp\htdocs\yii\framework\web\CController.php(265): CController->runActionWithFilters(Object(CInlineAction), Array)
#7 D:\xampp\htdocs\yii\framework\web\CWebApplication.php(282): CController->run('delete')
#8 D:\xampp\htdocs\yii\framework\web\CWebApplication.php(141): CWebApplication->runController('user/delete')
#9 D:\xampp\htdocs\yii\framework\base\CApplication.php(185): CWebApplication->processRequest()
#10 D:\xampp\htdocs\SIK\index.php(13): CApplication->run()
#11 {main}
REQUEST_URI=/SIK/index.php?ajax=user-grid&id=4&r=user%2Fdelete
HTTP_REFERER=http://localhost/SIK/index.php?r=user/admin
---
2020/10/29 00:33:45 [error] [exception.CHttpException.403] exception 'CHttpException' with message 'You are not authorized to perform this action.' in D:\xampp\htdocs\yii\framework\web\auth\CAccessControlFilter.php:183
Stack trace:
#0 D:\xampp\htdocs\yii\framework\web\auth\CAccessControlFilter.php(145): CAccessControlFilter->accessDenied(Object(CWebUser), 'You are not aut...')
#1 D:\xampp\htdocs\yii\framework\web\filters\CFilter.php(38): CAccessControlFilter->preFilter(Object(CFilterChain))
#2 D:\xampp\htdocs\yii\framework\web\CController.php(1148): CFilter->filter(Object(CFilterChain))
#3 D:\xampp\htdocs\yii\framework\web\filters\CInlineFilter.php(58): CController->filterAccessControl(Object(CFilterChain))
#4 D:\xampp\htdocs\yii\framework\web\filters\CFilterChain.php(131): CInlineFilter->filter(Object(CFilterChain))
#5 D:\xampp\htdocs\yii\framework\web\CController.php(291): CFilterChain->run()
#6 D:\xampp\htdocs\yii\framework\web\CController.php(265): CController->runActionWithFilters(Object(CInlineAction), Array)
#7 D:\xampp\htdocs\yii\framework\web\CWebApplication.php(282): CController->run('admin')
#8 D:\xampp\htdocs\yii\framework\web\CWebApplication.php(141): CWebApplication->runController('user/admin')
#9 D:\xampp\htdocs\yii\framework\base\CApplication.php(185): CWebApplication->processRequest()
#10 D:\xampp\htdocs\SIK\index.php(13): CApplication->run()
#11 {main}
REQUEST_URI=/SIK/index.php?r=user/admin
HTTP_REFERER=http://localhost/SIK/index.php
---
2020/10/29 00:47:41 [error] [exception.CHttpException.404] exception 'CHttpException' with message 'Unable to resolve the request "pasien".' in D:\xampp\htdocs\yii\framework\web\CWebApplication.php:286
Stack trace:
#0 D:\xampp\htdocs\yii\framework\web\CWebApplication.php(141): CWebApplication->runController('pasien')
#1 D:\xampp\htdocs\yii\framework\base\CApplication.php(185): CWebApplication->processRequest()
#2 D:\xampp\htdocs\SIK\index.php(13): CApplication->run()
#3 {main}
REQUEST_URI=/SIK/index.php?r=pasien
---
2020/10/29 01:02:50 [error] [exception.CHttpException.403] exception 'CHttpException' with message 'You are not authorized to perform this action.' in D:\xampp\htdocs\yii\framework\web\auth\CAccessControlFilter.php:183
Stack trace:
#0 D:\xampp\htdocs\yii\framework\web\auth\CAccessControlFilter.php(145): CAccessControlFilter->accessDenied(Object(CWebUser), 'You are not aut...')
#1 D:\xampp\htdocs\yii\framework\web\filters\CFilter.php(38): CAccessControlFilter->preFilter(Object(CFilterChain))
#2 D:\xampp\htdocs\yii\framework\web\CController.php(1148): CFilter->filter(Object(CFilterChain))
#3 D:\xampp\htdocs\yii\framework\web\filters\CInlineFilter.php(58): CController->filterAccessControl(Object(CFilterChain))
#4 D:\xampp\htdocs\yii\framework\web\filters\CFilterChain.php(131): CInlineFilter->filter(Object(CFilterChain))
#5 D:\xampp\htdocs\yii\framework\web\CController.php(291): CFilterChain->run()
#6 D:\xampp\htdocs\yii\framework\web\CController.php(265): CController->runActionWithFilters(Object(CInlineAction), Array)
#7 D:\xampp\htdocs\yii\framework\web\CWebApplication.php(282): CController->run('update')
#8 D:\xampp\htdocs\yii\framework\web\CWebApplication.php(141): CWebApplication->runController('user/update')
#9 D:\xampp\htdocs\yii\framework\base\CApplication.php(185): CWebApplication->processRequest()
#10 D:\xampp\htdocs\SIK\index.php(13): CApplication->run()
#11 {main}
REQUEST_URI=/SIK/index.php?r=user/update&id=1
HTTP_REFERER=http://localhost/SIK/index.php?r=user/admin
---
2020/10/29 02:00:26 [error] [php] Missing argument 3 for CActiveForm::dropDownList(), called in D:\xampp\htdocs\SIK\protected\views\tblResep\_form.php on line 27 and defined (D:\xampp\htdocs\yii\framework\web\widgets\CActiveForm.php:912)
Stack trace:
#0 D:\xampp\htdocs\yii\framework\web\CBaseController.php(95): TblResepController->renderInternal()
#1 D:\xampp\htdocs\yii\framework\web\CController.php(872): TblResepController->renderFile()
#2 D:\xampp\htdocs\SIK\protected\views\tblResep\create.php(18): TblResepController->renderPartial()
#3 D:\xampp\htdocs\yii\framework\web\CBaseController.php(126): require()
#4 D:\xampp\htdocs\yii\framework\web\CBaseController.php(95): TblResepController->renderInternal()
#5 D:\xampp\htdocs\yii\framework\web\CController.php(872): TblResepController->renderFile()
#6 D:\xampp\htdocs\yii\framework\web\CController.php(785): TblResepController->renderPartial()
#7 D:\xampp\htdocs\SIK\protected\controllers\TblResepController.php(79): TblResepController->render()
#8 D:\xampp\htdocs\yii\framework\web\actions\CInlineAction.php(49): TblResepController->actionCreate()
#9 D:\xampp\htdocs\yii\framework\web\CController.php(308): CInlineAction->runWithParams()
#10 D:\xampp\htdocs\yii\framework\web\filters\CFilterChain.php(134): TblResepController->runAction()
#11 D:\xampp\htdocs\yii\framework\web\filters\CFilter.php(40): CFilterChain->run()
#12 D:\xampp\htdocs\yii\framework\web\CController.php(1148): CAccessControlFilter->filter()
#13 D:\xampp\htdocs\yii\framework\web\filters\CInlineFilter.php(58): TblResepController->filterAccessControl()
#14 D:\xampp\htdocs\yii\framework\web\filters\CFilterChain.php(131): CInlineFilter->filter()
#15 D:\xampp\htdocs\yii\framework\web\CController.php(291): CFilterChain->run()
#16 D:\xampp\htdocs\yii\framework\web\CController.php(265): TblResepController->runActionWithFilters()
#17 D:\xampp\htdocs\yii\framework\web\CWebApplication.php(282): TblResepController->run()
#18 D:\xampp\htdocs\yii\framework\web\CWebApplication.php(141): CWebApplication->runController()
#19 D:\xampp\htdocs\yii\framework\base\CApplication.php(185): CWebApplication->processRequest()
#20 D:\xampp\htdocs\SIK\index.php(13): CWebApplication->run()
REQUEST_URI=/SIK/index.php?r=tblResep/create
in D:\xampp\htdocs\SIK\protected\views\tblResep\_form.php (27)
in D:\xampp\htdocs\SIK\protected\views\tblResep\create.php (18)
in D:\xampp\htdocs\SIK\protected\controllers\TblResepController.php (79)
